[debug] [2023-07-18T14:45:36.326Z] ----------------------------------------------------------------------
[debug] [2023-07-18T14:45:36.327Z] Command:       C:\Program Files\nodejs\node.exe C:\Users\Akashraj\AppData\Roaming\npm\node_modules\firebase-tools\lib\bin\firebase.js init
[debug] [2023-07-18T14:45:36.328Z] CLI Version:   12.4.4
[debug] [2023-07-18T14:45:36.328Z] Platform:      win32
[debug] [2023-07-18T14:45:36.328Z] Node Version:  v18.12.1
[debug] [2023-07-18T14:45:36.329Z] Time:          Tue Jul 18 2023 20:15:36 GMT+0530 (India Standard Time)
[debug] [2023-07-18T14:45:36.329Z] ----------------------------------------------------------------------
[debug] 
[debug] [2023-07-18T14:45:36.337Z] > command requires scopes: ["email","openid","https://www.googleapis.com/auth/cloudplatformprojects.readonly","https://www.googleapis.com/auth/firebase","https://www.googleapis.com/auth/cloud-platform"]
[debug] [2023-07-18T14:45:36.337Z] > authorizing via signed-in user (akashperumalraj0@gmail.com)
[info] 
     ######## #### ########  ######## ########     ###     ######  ########
     ##        ##  ##     ## ##       ##     ##  ##   ##  ##       ##
     ######    ##  ########  ######   ########  #########  ######  ######
     ##        ##  ##    ##  ##       ##     ## ##     ##       ## ##
     ##       #### ##     ## ######## ########  ##     ##  ######  ########

You're about to initialize a Firebase project in this directory:

  C:\Users\Akashraj\Desktop\Netflix-Clone

[info] 
=== Project Setup
[info] 
[info] First, let's associate this project directory with a Firebase project.
[info] You can create multiple project aliases by running firebase use --add, 
[info] but for now we'll just set up a default project.
[info] 
[debug] [2023-07-18T14:45:48.623Z] >>> [apiv2][query] GET https://firebase.googleapis.com/v1beta1/projects pageSize=100
[debug] [2023-07-18T14:45:49.973Z] <<< [apiv2][status] GET https://firebase.googleapis.com/v1beta1/projects 200
[debug] [2023-07-18T14:45:49.973Z] <<< [apiv2][body] GET https://firebase.googleapis.com/v1beta1/projects [omitted]
[info] i  Using project netflix-build-faa5e (netflix-build) 
[info] 
=== Hosting Setup
[info] 
[info] Your public directory is the folder (relative to your project directory) that
[info] will contain Hosting assets to be uploaded with firebase deploy. If you
[info] have a build process for your assets, use your build's output directory.
[info] 
